c:\users\ben\documents\visual studio 2015\projects\502-assignment4\502-assignment4\debug\vc140.pdb
c:\users\ben\documents\visual studio 2015\projects\502-assignment4\502-assignment4\debug\vc140.idb
c:\users\ben\documents\visual studio 2015\projects\502-assignment4\502-assignment4\debug\book.obj
c:\users\ben\documents\visual studio 2015\projects\502-assignment4\502-assignment4\debug\catalog.obj
c:\users\ben\documents\visual studio 2015\projects\502-assignment4\502-assignment4\debug\checkin.obj
c:\users\ben\documents\visual studio 2015\projects\502-assignment4\502-assignment4\debug\checkout.obj
c:\users\ben\documents\visual studio 2015\projects\502-assignment4\502-assignment4\debug\checkoutrecord.obj
c:\users\ben\documents\visual studio 2015\projects\502-assignment4\502-assignment4\debug\childrensbook.obj
c:\users\ben\documents\visual studio 2015\projects\502-assignment4\502-assignment4\debug\displayinventory.obj
c:\users\ben\documents\visual studio 2015\projects\502-assignment4\502-assignment4\debug\displaypatronhistory.obj
c:\users\ben\documents\visual studio 2015\projects\502-assignment4\502-assignment4\debug\fictionbook.obj
c:\users\ben\documents\visual studio 2015\projects\502-assignment4\502-assignment4\debug\libitem.obj
c:\users\ben\documents\visual studio 2015\projects\502-assignment4\502-assignment4\debug\libitemfactory.obj
c:\users\ben\documents\visual studio 2015\projects\502-assignment4\502-assignment4\debug\librarian.obj
c:\users\ben\documents\visual studio 2015\projects\502-assignment4\502-assignment4\debug\library.obj
c:\users\ben\documents\visual studio 2015\projects\502-assignment4\502-assignment4\debug\main.obj
c:\users\ben\documents\visual studio 2015\projects\502-assignment4\502-assignment4\debug\patron.obj
c:\users\ben\documents\visual studio 2015\projects\502-assignment4\502-assignment4\debug\patrondb.obj
c:\users\ben\documents\visual studio 2015\projects\502-assignment4\502-assignment4\debug\periodical.obj
c:\users\ben\documents\visual studio 2015\projects\502-assignment4\502-assignment4\debug\transaction.obj
c:\users\ben\documents\visual studio 2015\projects\502-assignment4\502-assignment4\debug\transactionfactory.obj
c:\users\ben\documents\visual studio 2015\projects\502-assignment4\debug\502-assignment4.ilk
c:\users\ben\documents\visual studio 2015\projects\502-assignment4\debug\502-assignment4.exe
c:\users\ben\documents\visual studio 2015\projects\502-assignment4\debug\502-assignment4.pdb
c:\users\ben\documents\visual studio 2015\projects\502-assignment4\502-assignment4\debug\502-assignment4.tlog\cl.command.1.tlog
c:\users\ben\documents\visual studio 2015\projects\502-assignment4\502-assignment4\debug\502-assignment4.tlog\cl.read.1.tlog
c:\users\ben\documents\visual studio 2015\projects\502-assignment4\502-assignment4\debug\502-assignment4.tlog\cl.write.1.tlog
c:\users\ben\documents\visual studio 2015\projects\502-assignment4\502-assignment4\debug\502-assignment4.tlog\link.command.1.tlog
c:\users\ben\documents\visual studio 2015\projects\502-assignment4\502-assignment4\debug\502-assignment4.tlog\link.read.1.tlog
c:\users\ben\documents\visual studio 2015\projects\502-assignment4\502-assignment4\debug\502-assignment4.tlog\link.write.1.tlog
